5/17/2023 3:17:10 PM	This log contains information about the import schema operation into project 'Database' on computer 'AOSE' by user 'dorim'.
5/17/2023 3:17:11 PM	Import of database schema has started.
5/17/2023 3:17:18 PM	Gathering database credentials
5/17/2023 3:17:18 PM	Gathering database options
5/17/2023 3:17:18 PM	Gathering generic database scoped configuration option
5/17/2023 3:17:18 PM	Gathering users
5/17/2023 3:17:18 PM	Gathering roles
5/17/2023 3:17:18 PM	Gathering application roles
5/17/2023 3:17:18 PM	Gathering role memberships
5/17/2023 3:17:18 PM	Gathering filegroups
5/17/2023 3:17:18 PM	Gathering full-text catalogs
5/17/2023 3:17:18 PM	Gathering assemblies
5/17/2023 3:17:18 PM	Gathering certificates
5/17/2023 3:17:18 PM	Gathering asymmetric keys
5/17/2023 3:17:18 PM	Gathering symmetric keys
5/17/2023 3:17:18 PM	Gathering encrypted symmetric keys
5/17/2023 3:17:18 PM	Gathering schemas
5/17/2023 3:17:18 PM	Gathering XML schema collections
5/17/2023 3:17:18 PM	Gathering user-defined data types
5/17/2023 3:17:18 PM	Gathering user-defined types
5/17/2023 3:17:18 PM	Gathering table types
5/17/2023 3:17:18 PM	Gathering unique keys for table types
5/17/2023 3:17:18 PM	Gathering primary keys for table types
5/17/2023 3:17:18 PM	Gathering indexes for table types
5/17/2023 3:17:18 PM	Gathering check constraints for table types
5/17/2023 3:17:18 PM	Gathering default constraints for table types
5/17/2023 3:17:18 PM	Gathering partition functions
5/17/2023 3:17:18 PM	Gathering partition schemes
5/17/2023 3:17:18 PM	Gathering functions
5/17/2023 3:17:18 PM	Gathering encrypted functions
5/17/2023 3:17:18 PM	Gathering aggregates
5/17/2023 3:17:18 PM	Gathering procedures
5/17/2023 3:17:18 PM	Gathering encrypted procedures
5/17/2023 3:17:18 PM	Gathering tables
5/17/2023 3:17:18 PM	Gathering primary keys
5/17/2023 3:17:18 PM	Gathering unique constraints
5/17/2023 3:17:18 PM	Gathering foreign keys
5/17/2023 3:17:18 PM	Gathering default constraints
5/17/2023 3:17:18 PM	Gathering check constraints
5/17/2023 3:17:18 PM	Gathering views
5/17/2023 3:17:18 PM	Gathering encrypted views
5/17/2023 3:17:18 PM	Gathering indexes
5/17/2023 3:17:18 PM	Gathering statistics
5/17/2023 3:17:18 PM	Gathering full-text index stoplists
5/17/2023 3:17:18 PM	Gathering search property lists
5/17/2023 3:17:18 PM	Gathering search properties
5/17/2023 3:17:18 PM	Gathering full-text indexes
5/17/2023 3:17:18 PM	Gathering column store indexes
5/17/2023 3:17:19 PM	Gathering spatial indexes
5/17/2023 3:17:19 PM	Gathering XML indexes
5/17/2023 3:17:19 PM	Gathering Selective XML indexes
5/17/2023 3:17:19 PM	Gathering encrypted triggers
5/17/2023 3:17:19 PM	Gathering triggers
5/17/2023 3:17:19 PM	Gathering encrypted and clr ddl triggers
5/17/2023 3:17:19 PM	Gathering ddl triggers
5/17/2023 3:17:19 PM	Creating edge constraints
5/17/2023 3:17:19 PM	Gathering synonyms
5/17/2023 3:17:19 PM	Gathering defaults
5/17/2023 3:17:19 PM	Gathering data constraint uddt bindings
5/17/2023 3:17:19 PM	Gathering rules
5/17/2023 3:17:19 PM	Gathering data constraint uddt bindings
5/17/2023 3:17:19 PM	Gathering message types
5/17/2023 3:17:19 PM	Gathering queues
5/17/2023 3:17:19 PM	Gathering contracts
5/17/2023 3:17:19 PM	Gathering services
5/17/2023 3:17:19 PM	Gathering event notifications
5/17/2023 3:17:19 PM	Gathering remote service bindings
5/17/2023 3:17:19 PM	Gathering broker priorities
5/17/2023 3:17:19 PM	Gathering signatures
5/17/2023 3:17:19 PM	Gathering compression options
5/17/2023 3:17:19 PM	Gathering sequence types
5/17/2023 3:17:19 PM	Gathering security policies
5/17/2023 3:17:19 PM	Gather column encryption keys
5/17/2023 3:17:19 PM	Gathering column master keys
5/17/2023 3:17:19 PM	Gathering external data sources
5/17/2023 3:17:19 PM	Gathering external file formats
5/17/2023 3:17:19 PM	Gathering external tables
5/17/2023 3:17:19 PM	Gathering XML index compression options
5/17/2023 3:17:19 PM	Gathering extended properties
5/17/2023 3:17:19 PM	Gathering assemblies
5/17/2023 3:17:19 PM	Gathering credentials
5/17/2023 3:17:19 PM	Gathering logins
5/17/2023 3:17:19 PM	Gathering server audits
5/17/2023 3:17:19 PM	Scanning project for duplicate elements
5/17/2023 3:17:19 PM	Finished duplicate element processing
5/17/2023 3:17:19 PM	Finished importing database.
5/17/2023 3:17:19 PM	A summary of the import was saved to the following location: C:\Users\dorim\Documents\MTI_EPITA\environnement_dotnet_c#\tatoulink_project\tatoulink\Database\Import Schema Logs\Database_20230517011710.log
5/17/2023 3:17:19 PM	Click Finish to continue...
